<?xml version="1.0" encoding="UTF-8"?>
<!-- Generated by org.testng.reporters.JUnitReportReporter -->
<testsuite hostname="DESKTOP-SMTEURG" failures="0" tests="1" name="testCases.Test_User_Role" time="14.196" errors="0" timestamp="2022-07-12T15:39:56 IST" skipped="0">
  <testcase classname="testCases.Test_User_Role" name="checkUserRole" time="14.196"/>
  <system-out/>
</testsuite> <!-- testCases.Test_User_Role -->
